app/build/intermediates/manifest_merge_blame_file/debug/manifest-merger-blame-debug-report.txt
1<?xml version="1.0" encoding="utf-8"?>
2<manifest xmlns:android="http://schemas.android.com/apk/res/android"
3    package="com.example.androidattendancesystem"
4    android:versionCode="1"
5    android:versionName="1.0" >
6
7    <uses-sdk
8        android:minSdkVersion="23"
8-->src/main/AndroidManifest.xml
9        android:targetSdkVersion="33" />
9-->src/main/AndroidManifest.xml
10
11    <uses-permission android:name="android.permission.READ_EXTERNAL_STORAGE" />
11-->src/main/AndroidManifest.xml:7:5-80
11-->src/main/AndroidManifest.xml:7:22-77
12
13    <application
13-->src/main/AndroidManifest.xml:9:5-89:19
14        android:name="com.android.attendance.context.ApplicationContext"
14-->src/main/AndroidManifest.xml:10:9-73
15        android:allowBackup="true"
15-->src/main/AndroidManifest.xml:11:9-35
16        android:appComponentFactory="android.support.v4.app.CoreComponentFactory"
16-->[com.android.support:support-compat:28.0.0] AndroidManifest.xml:22:18-91
17        android:debuggable="true"
18        android:extractNativeLibs="false"
19        android:icon="@drawable/ic_launcher"
19-->src/main/AndroidManifest.xml:12:9-45
20        android:label="@string/app_name"
20-->src/main/AndroidManifest.xml:13:9-41
21        android:testOnly="true"
22        android:theme="@style/AppTheme" >
22-->src/main/AndroidManifest.xml:14:9-40
23        <activity
23-->src/main/AndroidManifest.xml:15:9-23:20
24            android:name="com.android.attendance.activity.MainActivity"
24-->src/main/AndroidManifest.xml:16:13-72
25            android:exported="true"
25-->src/main/AndroidManifest.xml:17:13-36
26            android:theme="@android:style/Theme.NoDisplay" >
26-->src/main/AndroidManifest.xml:18:13-59
27            <intent-filter>
27-->src/main/AndroidManifest.xml:19:13-22:29
28                <action android:name="android.intent.action.MAIN" />
28-->src/main/AndroidManifest.xml:20:17-69
28-->src/main/AndroidManifest.xml:20:25-66
29
30                <category android:name="android.intent.category.LAUNCHER" />
30-->src/main/AndroidManifest.xml:21:17-77
30-->src/main/AndroidManifest.xml:21:27-74
31            </intent-filter>
32        </activity>
33        <activity
33-->src/main/AndroidManifest.xml:24:9-27:20
34            android:name="com.android.attendance.activity.LoginActivity"
34-->src/main/AndroidManifest.xml:25:13-73
35            android:label="@string/app_name" >
35-->src/main/AndroidManifest.xml:26:13-45
36        </activity>
37        <activity
37-->src/main/AndroidManifest.xml:28:9-31:20
38            android:name="com.android.attendance.activity.MenuActivity"
38-->src/main/AndroidManifest.xml:29:13-72
39            android:label="@string/app_name" >
39-->src/main/AndroidManifest.xml:30:13-45
40        </activity>
41        <activity
41-->src/main/AndroidManifest.xml:32:9-35:20
42            android:name="com.android.attendance.activity.AddFacultyActivity"
42-->src/main/AndroidManifest.xml:33:13-78
43            android:label="@string/app_name" >
43-->src/main/AndroidManifest.xml:34:13-45
44        </activity>
45        <activity
45-->src/main/AndroidManifest.xml:36:9-39:20
46            android:name="com.android.attendance.activity.AddStudentActivity"
46-->src/main/AndroidManifest.xml:37:13-78
47            android:label="@string/app_name" >
47-->src/main/AndroidManifest.xml:38:13-45
48        </activity>
49        <activity
49-->src/main/AndroidManifest.xml:40:9-43:20
50            android:name="com.android.attendance.activity.ViewFacultyActivity"
50-->src/main/AndroidManifest.xml:41:13-79
51            android:label="@string/app_name" >
51-->src/main/AndroidManifest.xml:42:13-45
52        </activity>
53        <activity
53-->src/main/AndroidManifest.xml:44:9-47:20
54            android:name="com.android.attendance.activity.ViewStudentActivity"
54-->src/main/AndroidManifest.xml:45:13-79
55            android:label="@string/app_name" >
55-->src/main/AndroidManifest.xml:46:13-45
56        </activity>
57        <activity
57-->src/main/AndroidManifest.xml:48:9-51:20
58            android:name="com.android.attendance.activity.TestActivity"
58-->src/main/AndroidManifest.xml:49:13-72
59            android:label="@string/app_name" >
59-->src/main/AndroidManifest.xml:50:13-45
60        </activity>
61        <activity
61-->src/main/AndroidManifest.xml:52:10-55:20
62            android:name="com.android.attendance.activity.ViewStudentByBranchYear"
62-->src/main/AndroidManifest.xml:53:13-83
63            android:label="@string/app_name" >
63-->src/main/AndroidManifest.xml:54:13-45
64        </activity>
65        <activity
65-->src/main/AndroidManifest.xml:56:11-59:20
66            android:name="com.android.attendance.activity.AddAttandanceSessionActivity"
66-->src/main/AndroidManifest.xml:57:13-88
67            android:label="@string/app_name" >
67-->src/main/AndroidManifest.xml:58:13-45
68        </activity>
69        <activity
69-->src/main/AndroidManifest.xml:60:10-63:20
70            android:name="com.android.attendance.activity.AddAttendanceActivity"
70-->src/main/AndroidManifest.xml:61:13-81
71            android:label="@string/app_name" >
71-->src/main/AndroidManifest.xml:62:13-45
72        </activity>
73        <activity
73-->src/main/AndroidManifest.xml:64:10-67:20
74            android:name="com.android.attendance.activity.ViewAttendanceByFacultyActivity"
74-->src/main/AndroidManifest.xml:65:13-91
75            android:label="@string/app_name" >
75-->src/main/AndroidManifest.xml:66:13-45
76        </activity>
77        <activity
77-->src/main/AndroidManifest.xml:68:10-71:20
78            android:name="com.android.attendance.activity.ViewAttendancePerStudentActivity"
78-->src/main/AndroidManifest.xml:69:13-92
79            android:label="@string/app_name" >
79-->src/main/AndroidManifest.xml:70:13-45
80        </activity>
81        <activity
81-->src/main/AndroidManifest.xml:72:9-75:20
82            android:name="com.android.attendance.activity.EditAttendanceActivity"
82-->src/main/AndroidManifest.xml:73:13-82
83            android:label="@string/app_name" >
83-->src/main/AndroidManifest.xml:74:13-45
84        </activity>
85        <activity
85-->src/main/AndroidManifest.xml:76:9-79:20
86            android:name="com.android.attendance.activity.ViewShortAttendanceActivity"
86-->src/main/AndroidManifest.xml:77:13-87
87            android:label="@string/app_name" >
87-->src/main/AndroidManifest.xml:78:13-45
88        </activity>
89        <activity
89-->src/main/AndroidManifest.xml:80:9-83:20
90            android:name="com.android.attendance.activity.FacultyRegistrationActivity"
90-->src/main/AndroidManifest.xml:81:13-87
91            android:label="@string/app_name" >
91-->src/main/AndroidManifest.xml:82:13-45
92        </activity>
93        <activity
93-->src/main/AndroidManifest.xml:84:9-87:20
94            android:name="com.android.attendance.activity.ViewFacultyRegistrationsActivity"
94-->src/main/AndroidManifest.xml:85:13-92
95            android:label="@string/app_name" >
95-->src/main/AndroidManifest.xml:86:13-45
96        </activity>
97    </application>
98
99</manifest>